<?xml version="1.0" encoding="UTF-8"?>
<testsuite name="com.codro.listenstudy.domain.player.PlaybackControllerTest" tests="11" skipped="0" failures="0" errors="0" timestamp="2026-07-10T15:58:59.064Z" hostname="hermes-server" time="0.059">
  <properties/>
  <testcase name="stale_sentence_done_does_not_advance_when_paused" classname="com.codro.listenstudy.domain.player.PlaybackControllerTest" time="0.047"/>
  <testcase name="stale_sentence_done_from_replaced_document_is_ignored" classname="com.codro.listenstudy.domain.player.PlaybackControllerTest" time="0.001"/>
  <testcase name="jump_to_out_of_range_is_clamped" classname="com.codro.listenstudy.domain.player.PlaybackControllerTest" time="0.0"/>
  <testcase name="next_at_end_marks_completed" classname="com.codro.listenstudy.domain.player.PlaybackControllerTest" time="0.001"/>
  <testcase name="sentence_done_auto_advances_without_stopping_finished_tts" classname="com.codro.listenstudy.domain.player.PlaybackControllerTest" time="0.003"/>
  <testcase name="replace_sentences_stops_playback_and_resets_position" classname="com.codro.listenstudy.domain.player.PlaybackControllerTest" time="0.0"/>
  <testcase name="playback_error_leaves_current_sentence_paused_for_retry" classname="com.codro.listenstudy.domain.player.PlaybackControllerTest" time="0.001"/>
  <testcase name="speed_is_clamped_to_supported_range" classname="com.codro.listenstudy.domain.player.PlaybackControllerTest" time="0.0"/>
  <testcase name="manual_next_while_playing_moves_to_next_sentence_and_keeps_playing" classname="com.codro.listenstudy.domain.player.PlaybackControllerTest" time="0.001"/>
  <testcase name="play_invokes_speaker_with_current_sentence_and_speed" classname="com.codro.listenstudy.domain.player.PlaybackControllerTest" time="0.004"/>
  <testcase name="manual_previous_while_playing_moves_to_previous_sentence_and_keeps_playing" classname="com.codro.listenstudy.domain.player.PlaybackControllerTest" time="0.001"/>
  <system-out><![CDATA[]]></system-out>
  <system-err><![CDATA[]]></system-err>
</testsuite>
