<?xml version="1.0" encoding="UTF-8"?>
<testsuite name="com.codro.listenstudy.domain.tts.TtsEngineSelectionTest" tests="5" skipped="0" failures="0" errors="0" timestamp="2026-07-10T15:58:58.773Z" hostname="hermes-server" time="0.0">
  <properties/>
  <testcase name="sortedForDisplay_places_default_then_samsung_then_google" classname="com.codro.listenstudy.domain.tts.TtsEngineSelectionTest" time="0.0"/>
  <testcase name="preferredEngine_uses_saved_engine_when_it_still_exists" classname="com.codro.listenstudy.domain.tts.TtsEngineSelectionTest" time="0.0"/>
  <testcase name="providerLabel_does_not_treat_generic_korean_voice_id_as_google" classname="com.codro.listenstudy.domain.tts.TtsEngineSelectionTest" time="0.0"/>
  <testcase name="labelFor_returns_engine_label_or_fallback" classname="com.codro.listenstudy.domain.tts.TtsEngineSelectionTest" time="0.0"/>
  <testcase name="preferredEngine_uses_phone_default_before_google" classname="com.codro.listenstudy.domain.tts.TtsEngineSelectionTest" time="0.0"/>
  <system-out><![CDATA[]]></system-out>
  <system-err><![CDATA[]]></system-err>
</testsuite>
