<?xml version="1.0" encoding="UTF-8"?>
<testsuite name="com.codro.listenstudy.domain.player.PlaybackNotificationFormatterTest" tests="2" skipped="0" failures="0" errors="0" timestamp="2026-07-10T15:58:58.749Z" hostname="hermes-server" time="0.0">
  <properties/>
  <testcase name="mediaSubtitle_joins_status_and_progress" classname="com.codro.listenstudy.domain.player.PlaybackNotificationFormatterTest" time="0.0"/>
  <testcase name="playPauseLabel_is_pause_while_playing_and_play_otherwise" classname="com.codro.listenstudy.domain.player.PlaybackNotificationFormatterTest" time="0.0"/>
  <system-out><![CDATA[]]></system-out>
  <system-err><![CDATA[]]></system-err>
</testsuite>
