<?xml version="1.0" encoding="UTF-8"?>
<testsuite name="com.codro.listenstudy.domain.tts.TtsVoiceSelectionTest" tests="10" skipped="0" failures="0" errors="0" timestamp="2026-07-10T15:58:58.775Z" hostname="hermes-server" time="0.002">
  <properties/>
  <testcase name="filterVoices_supports_recommended_korean_offline_and_all_tabs" classname="com.codro.listenstudy.domain.tts.TtsVoiceSelectionTest" time="0.001"/>
  <testcase name="labelFor_returns_fallback_when_voice_list_is_empty_or_missing" classname="com.codro.listenstudy.domain.tts.TtsVoiceSelectionTest" time="0.001"/>
  <testcase name="preferredVoice_uses_saved_voice_when_it_still_exists" classname="com.codro.listenstudy.domain.tts.TtsVoiceSelectionTest" time="0.0"/>
  <testcase name="nextVoice_cycles_to_next_voice_and_wraps_to_first" classname="com.codro.listenstudy.domain.tts.TtsVoiceSelectionTest" time="0.0"/>
  <testcase name="friendlyOptionLabels_hide_raw_voice_id_from_primary_label" classname="com.codro.listenstudy.domain.tts.TtsVoiceSelectionTest" time="0.0"/>
  <testcase name="preferredVoice_picks_korean_samsung_offline_before_google_when_no_saved_voice" classname="com.codro.listenstudy.domain.tts.TtsVoiceSelectionTest" time="0.0"/>
  <testcase name="preferredVoice_uses_system_default_voice_before_forcing_specific_voice" classname="com.codro.listenstudy.domain.tts.TtsVoiceSelectionTest" time="0.0"/>
  <testcase name="sortedForDisplay_places_recommended_korean_offline_voices_first" classname="com.codro.listenstudy.domain.tts.TtsVoiceSelectionTest" time="0.0"/>
  <testcase name="nextVoice_returns_first_voice_when_current_selection_is_empty" classname="com.codro.listenstudy.domain.tts.TtsVoiceSelectionTest" time="0.0"/>
  <testcase name="system_settings_voice_requires_engine_restart_to_reload_phone_voice_settings" classname="com.codro.listenstudy.domain.tts.TtsVoiceSelectionTest" time="0.0"/>
  <system-out><![CDATA[]]></system-out>
  <system-err><![CDATA[]]></system-err>
</testsuite>
