<?xml version="1.0" encoding="UTF-8"?>
<testsuite name="com.codro.listenstudy.domain.player.PlaybackServiceCommandTest" tests="2" skipped="0" failures="0" errors="0" timestamp="2026-07-10T15:58:55.353Z" hostname="hermes-server" time="0.001">
  <properties/>
  <testcase name="fromAction_maps_notification_actions_to_playback_commands" classname="com.codro.listenstudy.domain.player.PlaybackServiceCommandTest" time="0.001"/>
  <testcase name="fromAction_returns_null_for_unknown_action" classname="com.codro.listenstudy.domain.player.PlaybackServiceCommandTest" time="0.0"/>
  <system-out><![CDATA[]]></system-out>
  <system-err><![CDATA[]]></system-err>
</testsuite>
