<?xml version="1.0" encoding="UTF-8"?>
<testsuite name="com.codro.listenstudy.domain.text.KoreanRuleBasedSentenceSplitterTest" tests="4" skipped="0" failures="0" errors="0" timestamp="2026-07-10T15:58:55.356Z" hostname="hermes-server" time="0.002">
  <properties/>
  <testcase name="split_keeps_decimal_number_inside_sentence" classname="com.codro.listenstudy.domain.text.KoreanRuleBasedSentenceSplitterTest" time="0.001"/>
  <testcase name="split_handles_question_and_exclamation" classname="com.codro.listenstudy.domain.text.KoreanRuleBasedSentenceSplitterTest" time="0.0"/>
  <testcase name="split_preserves_offsets_for_highlighting" classname="com.codro.listenstudy.domain.text.KoreanRuleBasedSentenceSplitterTest" time="0.001"/>
  <testcase name="split_keeps_time_inside_sentence" classname="com.codro.listenstudy.domain.text.KoreanRuleBasedSentenceSplitterTest" time="0.0"/>
  <system-out><![CDATA[]]></system-out>
  <system-err><![CDATA[]]></system-err>
</testsuite>
